<?xml version="1.0" encoding="UTF-8"?>
<!-- Generated by org.testng.reporters.JUnitReportReporter -->
<testsuite skipped="0" hostname="DESKTOP-24UKE9V" name="caseStudy.Ravi_Assignment1" tests="1" failures="0" timestamp="2020-02-06T16:08:51 IST" time="36.659" errors="0">
  <testcase name="testRentalCarBlock" time="36.659" classname="caseStudy.Ravi_Assignment1"/>
  <system-out/>
</testsuite> <!-- caseStudy.Ravi_Assignment1 -->
